<?xml version="1.0" encoding="UTF-8"?>
<!-- Generated by org.testng.reporters.JUnitReportReporter -->
<testsuite skipped="0" hostname="Sindhu-PC" name="script.CheckProductEdition" tests="1" failures="0" timestamp="05 Dec 2018 11:41:08 GMT" time="28.762" errors="0">
  <testcase name="testCheckProductEdition" time="28.762" classname="script.CheckProductEdition"/>
</testsuite> <!-- script.CheckProductEdition -->
