<?xml version="1.0" encoding="UTF-8"?>
<!-- Generated by org.testng.reporters.JUnitReportReporter -->
<testsuite skipped="0" hostname="Sindhu-PC" name="script.InValidLogin" tests="1" failures="0" timestamp="05 Dec 2018 11:22:51 GMT" time="25.665" errors="0">
  <testcase name="testInValidLogin" time="25.665" classname="script.InValidLogin"/>
</testsuite> <!-- script.InValidLogin -->
