<?xml version="1.0" encoding="UTF-8"?>
<!-- Generated by org.testng.reporters.JUnitReportReporter -->
<testsuite skipped="0" hostname="Sindhu-PC" name="script.ValidLogin" tests="1" failures="0" timestamp="05 Dec 2018 11:39:40 GMT" time="26.007" errors="0">
  <testcase name="testValidLogin" time="26.007" classname="script.ValidLogin"/>
</testsuite> <!-- script.ValidLogin -->
