<?xml version="1.0" encoding="UTF-8"?>
<!-- Generated by org.testng.reporters.JUnitReportReporter -->
<testsuite skipped="0" hostname="Sindhu-PC" name="script.InValidLogin" tests="1" failures="0" timestamp="04 Dec 2018 10:54:42 GMT" time="24.026" errors="0">
  <testcase name="testInValidLogin" time="24.026" classname="script.InValidLogin"/>
</testsuite> <!-- script.InValidLogin -->
