<?xml version="1.0" encoding="UTF-8"?>
<!-- Generated by org.testng.reporters.JUnitReportReporter -->
<testsuite skipped="1" hostname="Sindhu-PC" name="script.InValidLogin" tests="1" failures="0" timestamp="05 Dec 2018 11:18:37 GMT" time="0.000" errors="0">
  <testcase name="testInValidLogin" time="0.000" classname="script.InValidLogin">
    <skipped/>
  </testcase> <!-- testInValidLogin -->
</testsuite> <!-- script.InValidLogin -->
