<?xml version="1.0" encoding="UTF-8"?>
<!-- Generated by org.testng.reporters.JUnitReportReporter -->
<testsuite skipped="0" hostname="Sindhu-PC" name="script.CheckProductEdition" tests="1" failures="0" timestamp="04 Dec 2018 10:50:31 GMT" time="22.088" errors="0">
  <testcase name="testCheckProductEdition" time="22.088" classname="script.CheckProductEdition"/>
</testsuite> <!-- script.CheckProductEdition -->
