<?xml version="1.0" encoding="UTF-8"?>
<!-- Generated by org.testng.reporters.JUnitReportReporter -->
<testsuite skipped="0" hostname="Sindhu-PC" name="script.ValidLogin" tests="1" failures="0" timestamp="18 Dec 2018 14:50:35 GMT" time="15.128" errors="0">
  <testcase name="testValidLogin" time="15.128" classname="script.ValidLogin"/>
</testsuite> <!-- script.ValidLogin -->
