<?xml version="1.0" encoding="UTF-8"?>
<!-- Generated by org.testng.reporters.JUnitReportReporter -->
<testsuite skipped="0" hostname="Sindhu-PC" name="script.InValidLogin" tests="1" failures="0" timestamp="18 Dec 2018 14:50:35 GMT" time="20.402" errors="0">
  <testcase name="testInValidLogin" time="20.402" classname="script.InValidLogin"/>
</testsuite> <!-- script.InValidLogin -->
