<?xml version="1.0" encoding="UTF-8"?>
<!-- Generated by org.testng.reporters.JUnitReportReporter -->
<testsuite skipped="0" hostname="Sindhu-PC" name="script.NewTest" tests="1" failures="0" timestamp="18 Dec 2018 12:18:38 GMT" time="0.015" errors="0">
  <testcase name="f" time="0.015" classname="script.NewTest"/>
</testsuite> <!-- script.NewTest -->
